Netwrapper: Traced model loaded
(279570, 3)
Epoch 0
Batch: 80,             loss: 2.4269003868103027,             value_loss: 0.728596206754446,            policy_loss: 1.6983041748404504             accuracy: 0.53651123046875
Batch: 160,             loss: 2.4238234132528307,             value_loss: 0.7305421471595764,            policy_loss: 1.6932812705636024             accuracy: 0.53814697265625
Batch: 240,             loss: 2.40322822034359,             value_loss: 0.7204873234033584,            policy_loss: 1.6827408954501153             accuracy: 0.540771484375
Epoch 1
Batch: 320,             loss: 2.4194178909063337,             value_loss: 0.7271643444895745,            policy_loss: 1.6922535374760628             accuracy: 0.536865234375
Batch: 400,             loss: 2.4057711392641066,             value_loss: 0.7244586870074272,            policy_loss: 1.6813124373555184             accuracy: 0.54193115234375
Batch: 480,             loss: 2.396683433651924,             value_loss: 0.7206474982202054,            policy_loss: 1.6760359287261963             accuracy: 0.54439697265625
Epoch 2
Batch: 560,             loss: 2.4025979310274126,             value_loss: 0.72035276517272,            policy_loss: 1.6822451695799827             accuracy: 0.54041748046875
Batch: 640,             loss: 2.3988092869520186,             value_loss: 0.7213050723075867,            policy_loss: 1.6775042206048965             accuracy: 0.54495849609375
Batch: 720,             loss: 2.3944673895835877,             value_loss: 0.7235459513962269,            policy_loss: 1.6709214359521867             accuracy: 0.547265625
Batch: 800,             loss: 2.379458811879158,             value_loss: 0.7138890422880649,            policy_loss: 1.6655697852373124             accuracy: 0.54798583984375
Netwrapper: Traced model loaded
(279570, 3)
Epoch 0
Batch: 80,             loss: 2.3648965656757355,             value_loss: 0.7074255496263504,            policy_loss: 1.6574710115790368             accuracy: 0.55399169921875
Batch: 160,             loss: 2.3502785682678224,             value_loss: 0.7053498476743698,            policy_loss: 1.644928726553917             accuracy: 0.56280517578125
Batch: 240,             loss: 2.3316592931747437,             value_loss: 0.6967829242348671,            policy_loss: 1.634876349568367             accuracy: 0.5652099609375
Epoch 1
Batch: 320,             loss: 2.3409097492694855,             value_loss: 0.6991732381284237,            policy_loss: 1.641736514866352             accuracy: 0.56041259765625
Batch: 400,             loss: 2.3362248241901398,             value_loss: 0.6993755593895912,            policy_loss: 1.6368492618203163             accuracy: 0.5658203125
Batch: 480,             loss: 2.326386499404907,             value_loss: 0.6961062468588353,            policy_loss: 1.630280241370201             accuracy: 0.5696533203125
Epoch 2
Batch: 560,             loss: 2.32943956553936,             value_loss: 0.6953121870756149,            policy_loss: 1.6341273799538611             accuracy: 0.5648912217881945
Batch: 640,             loss: 2.3348087161779403,             value_loss: 0.7001133248209953,            policy_loss: 1.6346953868865968             accuracy: 0.56663818359375
Batch: 720,             loss: 2.328988033533096,             value_loss: 0.6983551129698753,            policy_loss: 1.630632920563221             accuracy: 0.568359375
Batch: 800,             loss: 2.3194554537534713,             value_loss: 0.6930076107382774,            policy_loss: 1.6264478519558907             accuracy: 0.56988525390625
Netwrapper: Traced model loaded
(279570, 3)
Epoch 0
Batch: 80,             loss: 2.3335682928562163,             value_loss: 0.7014861285686493,            policy_loss: 1.6320821717381477             accuracy: 0.5677978515625
Batch: 160,             loss: 2.3333191215991973,             value_loss: 0.7012470930814743,            policy_loss: 1.6320720300078393             accuracy: 0.56893310546875
Batch: 240,             loss: 2.3211163133382797,             value_loss: 0.694839509576559,            policy_loss: 1.6262768015265465             accuracy: 0.57130126953125
Epoch 1
Batch: 320,             loss: 2.3340372532606124,             value_loss: 0.6976454615592956,            policy_loss: 1.6363917961716652             accuracy: 0.5640855577256945
Batch: 400,             loss: 2.327121639251709,             value_loss: 0.6964881688356399,            policy_loss: 1.630633468925953             accuracy: 0.5689697265625
Batch: 480,             loss: 2.3211829334497454,             value_loss: 0.6953925505280495,            policy_loss: 1.6257903844118118             accuracy: 0.5725830078125
Epoch 2
Batch: 560,             loss: 2.3268000900745394,             value_loss: 0.6954922184348107,            policy_loss: 1.6313078612089158             accuracy: 0.5665757921006944
Batch: 640,             loss: 2.3304895907640457,             value_loss: 0.6996676564216614,            policy_loss: 1.630821944773197             accuracy: 0.568310546875
Batch: 720,             loss: 2.3233728438615797,             value_loss: 0.6972965084016323,            policy_loss: 1.6260763317346574             accuracy: 0.57205810546875
Batch: 800,             loss: 2.315311786532402,             value_loss: 0.6921180121600627,            policy_loss: 1.6231937795877456             accuracy: 0.57086181640625
Netwrapper: Traced model loaded
(279570, 3)
Epoch 0
Batch: 80,             loss: 2.316739684343338,             value_loss: 0.6937477990984917,            policy_loss: 1.6229918777942658             accuracy: 0.57296142578125
Batch: 160,             loss: 2.316546830534935,             value_loss: 0.6939413733780384,            policy_loss: 1.622605448961258             accuracy: 0.57314453125
Batch: 240,             loss: 2.3085482358932494,             value_loss: 0.6891944527626037,            policy_loss: 1.6193537831306457             accuracy: 0.5749267578125
Epoch 1
Batch: 320,             loss: 2.319295534491539,             value_loss: 0.6916771672666073,            policy_loss: 1.6276183694601059             accuracy: 0.5680528428819445
Batch: 400,             loss: 2.326047569513321,             value_loss: 0.6971000596880913,            policy_loss: 1.628947515785694             accuracy: 0.56990966796875
Batch: 480,             loss: 2.321920895576477,             value_loss: 0.6946375906467438,            policy_loss: 1.627283301949501             accuracy: 0.57132568359375
Epoch 2
Batch: 560,             loss: 2.3315589755773543,             value_loss: 0.6959608927369118,            policy_loss: 1.635598061978817             accuracy: 0.5631103515625
Batch: 640,             loss: 2.3397092074155807,             value_loss: 0.700979620963335,            policy_loss: 1.6387295812368392             accuracy: 0.563330078125
Batch: 720,             loss: 2.3390573441982268,             value_loss: 0.7013012431561947,            policy_loss: 1.637756098806858             accuracy: 0.56361083984375
Batch: 800,             loss: 2.3323253393173218,             value_loss: 0.6970647849142552,            policy_loss: 1.6352605551481247             accuracy: 0.564892578125
Netwrapper: Traced model loaded
(279570, 3)
Epoch 0
Batch: 80,             loss: 2.385138672590256,             value_loss: 0.7209593467414379,            policy_loss: 1.6641793265938758             accuracy: 0.5496826171875
Batch: 160,             loss: 2.381261315941811,             value_loss: 0.7191212624311447,            policy_loss: 1.6621400535106658             accuracy: 0.55181884765625
Batch: 240,             loss: 2.368803283572197,             value_loss: 0.713229089230299,            policy_loss: 1.655574196577072             accuracy: 0.5529052734375
Epoch 1
Batch: 320,             loss: 2.389868360757828,             value_loss: 0.717283484339714,            policy_loss: 1.6725848659873008             accuracy: 0.5467637803819445
Batch: 400,             loss: 2.373763304948807,             value_loss: 0.7154277868568897,            policy_loss: 1.6583355143666267             accuracy: 0.55263671875
Batch: 480,             loss: 2.3670030683279037,             value_loss: 0.7133839718997479,            policy_loss: 1.6536190986633301             accuracy: 0.5560302734375
Epoch 2
Batch: 560,             loss: 2.3777721166610717,             value_loss: 0.7148108765482902,            policy_loss: 1.662961259484291             accuracy: 0.54892578125
Batch: 640,             loss: 2.373411825299263,             value_loss: 0.7152955554425716,            policy_loss: 1.65811627805233             accuracy: 0.5525634765625
Batch: 720,             loss: 2.371532994508743,             value_loss: 0.7164129391312599,            policy_loss: 1.6551200598478317             accuracy: 0.5551513671875
Batch: 800,             loss: 2.3581419587135315,             value_loss: 0.707225288450718,            policy_loss: 1.6509166657924652             accuracy: 0.55660400390625
Netwrapper: Traced model loaded
(279570, 3)
Epoch 0
Batch: 80,             loss: 2.346615356206894,             value_loss: 0.7011551596224308,            policy_loss: 1.645460194349289             accuracy: 0.56005859375
Batch: 160,             loss: 2.3380595415830614,             value_loss: 0.6999401606619358,            policy_loss: 1.6381193846464157             accuracy: 0.56549072265625
Batch: 240,             loss: 2.325119099020958,             value_loss: 0.6934208706021309,            policy_loss: 1.6316982224583625             accuracy: 0.5669677734375
Epoch 1
Batch: 320,             loss: 2.338397440314293,             value_loss: 0.6975876934826374,            policy_loss: 1.6408097445964813             accuracy: 0.56075439453125
Batch: 400,             loss: 2.3396993428468704,             value_loss: 0.7020877078175545,            policy_loss: 1.6376116409897805             accuracy: 0.56468505859375
Batch: 480,             loss: 2.3302183955907823,             value_loss: 0.6975339770317077,            policy_loss: 1.6326844304800034             accuracy: 0.56781005859375
Epoch 2
Batch: 560,             loss: 2.3350999653339386,             value_loss: 0.6973336316645146,            policy_loss: 1.6377663359045982             accuracy: 0.561083984375
Batch: 640,             loss: 2.3414545744657516,             value_loss: 0.7021381817758083,            policy_loss: 1.6393163859844209             accuracy: 0.56287841796875
Batch: 720,             loss: 2.338599109649658,             value_loss: 0.7014721512794495,            policy_loss: 1.6371269524097443             accuracy: 0.56441650390625
Batch: 800,             loss: 2.329449933767319,             value_loss: 0.6965518228709697,            policy_loss: 1.6328981280326844             accuracy: 0.5657958984375
Netwrapper: Traced model loaded
(279570, 3)
Epoch 0
Batch: 80,             loss: 2.3379469126462937,             value_loss: 0.7006008751690388,            policy_loss: 1.637346051633358             accuracy: 0.5652099609375
Batch: 160,             loss: 2.3449732303619384,             value_loss: 0.7044996559619904,            policy_loss: 1.6404735758900642             accuracy: 0.5642578125
Batch: 240,             loss: 2.3357932806015014,             value_loss: 0.698811387270689,            policy_loss: 1.6369818851351738             accuracy: 0.56405029296875
Epoch 1
Batch: 320,             loss: 2.3533183932304382,             value_loss: 0.7042837224900722,            policy_loss: 1.649034671485424             accuracy: 0.55517578125
Batch: 400,             loss: 2.3495983213186262,             value_loss: 0.7034460961818695,            policy_loss: 1.6461522206664085             accuracy: 0.55849609375
Batch: 480,             loss: 2.3452016204595565,             value_loss: 0.702077666670084,            policy_loss: 1.6431239351630211             accuracy: 0.5618896484375
Epoch 2
Batch: 560,             loss: 2.3519438207149506,             value_loss: 0.7032562106847763,            policy_loss: 1.6486876234412193             accuracy: 0.5564439561631944
Batch: 640,             loss: 2.35864876806736,             value_loss: 0.7085152260959149,            policy_loss: 1.650133553147316             accuracy: 0.5562255859375
Batch: 720,             loss: 2.3536995738744735,             value_loss: 0.7056503154337406,            policy_loss: 1.6480492562055589             accuracy: 0.557177734375
Batch: 800,             loss: 2.3447434812784196,             value_loss: 0.7004541523754597,            policy_loss: 1.6442893296480179             accuracy: 0.55972900390625
Netwrapper: Traced model loaded
(279570, 3)
Epoch 0
Batch: 80,             loss: 2.3395888835191725,             value_loss: 0.6984223127365112,            policy_loss: 1.6411665618419646             accuracy: 0.563427734375
Batch: 160,             loss: 2.337057337164879,             value_loss: 0.6997185312211514,            policy_loss: 1.6373387917876243             accuracy: 0.5656494140625
Batch: 240,             loss: 2.3238144159317016,             value_loss: 0.693689689040184,            policy_loss: 1.6301247239112855             accuracy: 0.56793212890625
Epoch 1
Batch: 320,             loss: 2.3350719571113587,             value_loss: 0.6973939403891564,            policy_loss: 1.6376780241727829             accuracy: 0.562451171875
Batch: 400,             loss: 2.3343941271305084,             value_loss: 0.7001810505986213,            policy_loss: 1.6342130795121192             accuracy: 0.56685791015625
Batch: 480,             loss: 2.3241687655448913,             value_loss: 0.6955715246498585,            policy_loss: 1.628597241640091             accuracy: 0.57073974609375
Epoch 2
Batch: 560,             loss: 2.3274959892034532,             value_loss: 0.6945728324353695,            policy_loss: 1.6329231724143027             accuracy: 0.56419677734375
Batch: 640,             loss: 2.332913875579834,             value_loss: 0.6993832886219025,            policy_loss: 1.633530592918396             accuracy: 0.56622314453125
Batch: 720,             loss: 2.3277700513601305,             value_loss: 0.6978911370038986,            policy_loss: 1.6298789158463478             accuracy: 0.5692138671875
Batch: 800,             loss: 2.3185230761766435,             value_loss: 0.6928664579987526,            policy_loss: 1.6256566107273103             accuracy: 0.569140625
Netwrapper: Traced model loaded
(279570, 3)
Epoch 0
Batch: 80,             loss: 2.31970691382885,             value_loss: 0.6940169401466847,            policy_loss: 1.6256899639964104             accuracy: 0.5715576171875
Batch: 160,             loss: 2.320729950070381,             value_loss: 0.6956470988690853,            policy_loss: 1.62508285343647             accuracy: 0.5729736328125
Batch: 240,             loss: 2.3108977288007737,             value_loss: 0.6903553254902363,            policy_loss: 1.6205424040555954             accuracy: 0.57381591796875
Epoch 1
Batch: 320,             loss: 2.3215441167354585,             value_loss: 0.6924763403832912,            policy_loss: 1.629067787528038             accuracy: 0.5668212890625
Batch: 400,             loss: 2.3244019508361817,             value_loss: 0.6978791929781437,            policy_loss: 1.6265227630734445             accuracy: 0.57171630859375
Batch: 480,             loss: 2.3155812084674836,             value_loss: 0.6929497219622135,            policy_loss: 1.6226314842700957             accuracy: 0.57420654296875
Epoch 2
Batch: 560,             loss: 2.320033073425293,             value_loss: 0.6918391518294811,            policy_loss: 1.628193911910057             accuracy: 0.5675537109375
Batch: 640,             loss: 2.325591591000557,             value_loss: 0.6969505444169044,            policy_loss: 1.6286410495638848             accuracy: 0.57022705078125
Batch: 720,             loss: 2.3215338736772537,             value_loss: 0.6961197018623352,            policy_loss: 1.625414179265499             accuracy: 0.57298583984375
Batch: 800,             loss: 2.3139750391244887,             value_loss: 0.691423425078392,            policy_loss: 1.6225516259670258             accuracy: 0.5716552734375
Netwrapper: Traced model loaded
(279570, 3)
Epoch 0
Batch: 80,             loss: 2.3159538596868514,             value_loss: 0.693113612383604,            policy_loss: 1.6228402480483055             accuracy: 0.5724609375
Batch: 160,             loss: 2.3203701972961426,             value_loss: 0.6947750814259053,            policy_loss: 1.6255951315164565             accuracy: 0.572900390625
Batch: 240,             loss: 2.316370728611946,             value_loss: 0.6911967255175113,            policy_loss: 1.6251739889383316             accuracy: 0.572021484375
Epoch 1
Batch: 320,             loss: 2.332649639248848,             value_loss: 0.6959196545183659,            policy_loss: 1.6367299824953079             accuracy: 0.5628662109375
Batch: 400,             loss: 2.3406837582588196,             value_loss: 0.7010673776268959,            policy_loss: 1.6396163910627366             accuracy: 0.56488037109375
Batch: 480,             loss: 2.339706599712372,             value_loss: 0.7003407120704651,            policy_loss: 1.6393658906221389             accuracy: 0.56431884765625
Epoch 2
Batch: 560,             loss: 2.3490138947963715,             value_loss: 0.7019944503903389,            policy_loss: 1.6470194414258004             accuracy: 0.557373046875
Batch: 640,             loss: 2.3586126774549485,             value_loss: 0.7074955374002456,            policy_loss: 1.6511171400547027             accuracy: 0.55601806640625
Batch: 720,             loss: 2.3568660765886307,             value_loss: 0.7065997496247292,            policy_loss: 1.6502663239836692             accuracy: 0.556591796875
Batch: 800,             loss: 2.34857262969017,             value_loss: 0.7010399162769317,            policy_loss: 1.6475327119231225             accuracy: 0.55767822265625
Netwrapper: Traced model loaded
(279570, 3)
Epoch 0
Batch: 80,             loss: 2.745586183667183,             value_loss: 0.9219061769545078,            policy_loss: 1.8236800119280816             accuracy: 0.458056640625
Batch: 160,             loss: 2.6823624819517136,             value_loss: 0.8689472541213036,            policy_loss: 1.8134152293205261             accuracy: 0.464501953125
Batch: 240,             loss: 2.6010956704616546,             value_loss: 0.8295012347400188,            policy_loss: 1.7715944409370423             accuracy: 0.49664306640625
Epoch 1
Batch: 320,             loss: 2.6494966775178908,             value_loss: 0.8527819961309433,            policy_loss: 1.796714685857296             accuracy: 0.47290174696180554
Batch: 400,             loss: 2.6058679044246675,             value_loss: 0.8184369072318077,            policy_loss: 1.787431000173092             accuracy: 0.4809814453125
Batch: 480,             loss: 2.5966064512729643,             value_loss: 0.8263765253126621,            policy_loss: 1.7702299177646637             accuracy: 0.49654541015625
Epoch 2
Batch: 560,             loss: 2.6474544197320937,             value_loss: 0.8193094566464424,            policy_loss: 1.8281449615955352             accuracy: 0.4586439344618055
Batch: 640,             loss: 2.617011773586273,             value_loss: 0.8179402127861977,            policy_loss: 1.7990715563297273             accuracy: 0.4709228515625
Batch: 720,             loss: 2.6580588668584824,             value_loss: 0.8912118099629879,            policy_loss: 1.7668470352888108             accuracy: 0.49976806640625
Batch: 800,             loss: 2.634565544128418,             value_loss: 0.8457683004438877,            policy_loss: 1.7887972369790077             accuracy: 0.4845703125
Netwrapper: Traced model loaded
(279570, 3)
Epoch 0
Batch: 80,             loss: 2.5945442080497743,             value_loss: 0.7826877363026142,            policy_loss: 1.8118564829230308             accuracy: 0.4574951171875
Batch: 160,             loss: 2.5538714796304705,             value_loss: 0.7557776533067226,            policy_loss: 1.7980938270688056             accuracy: 0.46075439453125
Batch: 240,             loss: 2.5323339313268662,             value_loss: 0.7483502209186554,            policy_loss: 1.7839837297797203             accuracy: 0.4715576171875
Epoch 1
Batch: 320,             loss: 2.5188805043697355,             value_loss: 0.7517560735344887,            policy_loss: 1.767124430835247             accuracy: 0.4933946397569445
Batch: 400,             loss: 2.50891056060791,             value_loss: 0.7532811544835567,            policy_loss: 1.75562941133976             accuracy: 0.5080078125
Batch: 480,             loss: 2.4901298493146897,             value_loss: 0.7497580952942371,            policy_loss: 1.7403717547655106             accuracy: 0.5215087890625
Epoch 2
Batch: 560,             loss: 2.4816390722990036,             value_loss: 0.749865573644638,            policy_loss: 1.73177350461483             accuracy: 0.5228746202256944
Batch: 640,             loss: 2.4798203468322755,             value_loss: 0.7532283745706081,            policy_loss: 1.7265919759869575             accuracy: 0.52515869140625
Batch: 720,             loss: 2.47137114405632,             value_loss: 0.7534527361392975,            policy_loss: 1.717918412387371             accuracy: 0.53062744140625
Batch: 800,             loss: 2.4610051453113555,             value_loss: 0.7483843803405762,            policy_loss: 1.7126207873225212             accuracy: 0.53133544921875
Netwrapper: Traced model loaded
(279570, 3)
Epoch 0
Batch: 80,             loss: 2.466155540943146,             value_loss: 0.7531356029212475,            policy_loss: 1.7130199253559113             accuracy: 0.53416748046875
Batch: 160,             loss: 2.4617886185646056,             value_loss: 0.7528338305652141,            policy_loss: 1.708954781293869             accuracy: 0.53551025390625
Batch: 240,             loss: 2.4502941220998764,             value_loss: 0.7458960197865963,            policy_loss: 1.7043980851769447             accuracy: 0.53814697265625
Epoch 1
Batch: 320,             loss: 2.4615334421396255,             value_loss: 0.7535988509654998,            policy_loss: 1.7079345911741257             accuracy: 0.535861545138889
Batch: 400,             loss: 2.4572879016399383,             value_loss: 0.7503434300422669,            policy_loss: 1.7069444626569747             accuracy: 0.53638916015625
Batch: 480,             loss: 2.4498592585325243,             value_loss: 0.7497593447566032,            policy_loss: 1.700099927186966             accuracy: 0.5409912109375
Epoch 2
Batch: 560,             loss: 2.453821074962616,             value_loss: 0.750317246466875,            policy_loss: 1.7035038262605666             accuracy: 0.53621826171875
Batch: 640,             loss: 2.457060641050339,             value_loss: 0.7515967227518559,            policy_loss: 1.7054639354348182             accuracy: 0.53717041015625
Batch: 720,             loss: 2.4548590540885926,             value_loss: 0.7536774545907974,            policy_loss: 1.7011816039681436             accuracy: 0.53857421875
Batch: 800,             loss: 2.4475592881441117,             value_loss: 0.7482129611074925,            policy_loss: 1.6993463277816772             accuracy: 0.53773193359375
Netwrapper: Traced model loaded
(279570, 3)
Epoch 0
Batch: 80,             loss: 2.4599536448717116,             value_loss: 0.7525581009685993,            policy_loss: 1.7073955535888672             accuracy: 0.536181640625
Batch: 160,             loss: 2.472881203889847,             value_loss: 0.75465082898736,            policy_loss: 1.7182303801178933             accuracy: 0.529443359375
Batch: 240,             loss: 2.4766375690698625,             value_loss: 0.7506872020661831,            policy_loss: 1.7259503677487373             accuracy: 0.52603759765625
Epoch 1
Batch: 320,             loss: 2.4931922405958176,             value_loss: 0.7587604947388172,            policy_loss: 1.7344317570328713             accuracy: 0.52010498046875
Batch: 400,             loss: 2.497297039628029,             value_loss: 0.7596347361803055,            policy_loss: 1.7376622930169106             accuracy: 0.51741943359375
Batch: 480,             loss: 2.490722343325615,             value_loss: 0.757694923132658,            policy_loss: 1.733027419447899             accuracy: 0.52008056640625
Epoch 2
Batch: 560,             loss: 2.492690533399582,             value_loss: 0.7596761591732502,            policy_loss: 1.7330143749713898             accuracy: 0.51624755859375
Batch: 640,             loss: 2.4979052275419233,             value_loss: 0.7628059707581997,            policy_loss: 1.7350992560386658             accuracy: 0.51536865234375
Batch: 720,             loss: 2.49458909034729,             value_loss: 0.7641427889466286,            policy_loss: 1.7304463014006615             accuracy: 0.51607666015625
Batch: 800,             loss: 2.486728936433792,             value_loss: 0.7585329860448837,            policy_loss: 1.7281959518790244             accuracy: 0.515869140625
Netwrapper: Traced model loaded
(279570, 3)
Epoch 0
Batch: 80,             loss: 2.4830699235200884,             value_loss: 0.758832098543644,            policy_loss: 1.7242378294467926             accuracy: 0.51834716796875
Batch: 160,             loss: 2.4763847559690477,             value_loss: 0.759837456792593,            policy_loss: 1.716547292470932             accuracy: 0.52291259765625
Batch: 240,             loss: 2.4612217098474503,             value_loss: 0.7524155490100384,            policy_loss: 1.7088061660528182             accuracy: 0.52529296875
Epoch 1
Batch: 320,             loss: 2.4666060090065,             value_loss: 0.7582881793379783,            policy_loss: 1.7083178281784057             accuracy: 0.5276123046875
Batch: 400,             loss: 2.461981916427612,             value_loss: 0.7597845941781998,            policy_loss: 1.702197329699993             accuracy: 0.5318359375
Batch: 480,             loss: 2.449471214413643,             value_loss: 0.754627039283514,            policy_loss: 1.6948441788554192             accuracy: 0.53504638671875
Epoch 2
Batch: 560,             loss: 2.4495607763528824,             value_loss: 0.7547211952507495,            policy_loss: 1.6948395773768425             accuracy: 0.53294677734375
Batch: 640,             loss: 2.4506184071302415,             value_loss: 0.7575694061815739,            policy_loss: 1.6930489912629128             accuracy: 0.53616943359375
Batch: 720,             loss: 2.447687864303589,             value_loss: 0.7585349716246128,            policy_loss: 1.6891528874635697             accuracy: 0.53831787109375
Batch: 800,             loss: 2.436100924015045,             value_loss: 0.7519822984933853,            policy_loss: 1.684118638932705             accuracy: 0.535986328125
Netwrapper: Traced model loaded
(279570, 3)
Epoch 0
Batch: 80,             loss: 2.4642849653959273,             value_loss: 0.7626721188426018,            policy_loss: 1.7016128525137901             accuracy: 0.53125
Batch: 160,             loss: 2.4715925455093384,             value_loss: 0.763277468085289,            policy_loss: 1.708315061032772             accuracy: 0.531103515625
Batch: 240,             loss: 2.4688050597906113,             value_loss: 0.7584502704441547,            policy_loss: 1.7103547781705857             accuracy: 0.5266845703125
Epoch 1
Batch: 320,             loss: 2.4863488882780076,             value_loss: 0.765709924697876,            policy_loss: 1.7206389650702476             accuracy: 0.5227783203125
Batch: 400,             loss: 2.4797328233718874,             value_loss: 0.7630891799926758,            policy_loss: 1.716643638908863             accuracy: 0.5259521484375
Batch: 480,             loss: 2.4757009953260423,             value_loss: 0.7623014852404595,            policy_loss: 1.7133995100855828             accuracy: 0.52662353515625
Epoch 2
Batch: 560,             loss: 2.4801925301551817,             value_loss: 0.7631699912250042,            policy_loss: 1.7170225381851196             accuracy: 0.52325439453125
Batch: 640,             loss: 2.483884182572365,             value_loss: 0.7642511494457722,            policy_loss: 1.7196330323815345             accuracy: 0.5243896484375
Batch: 720,             loss: 2.4811662405729296,             value_loss: 0.7646054960787296,            policy_loss: 1.7165607497096063             accuracy: 0.52408447265625
Batch: 800,             loss: 2.4735371232032777,             value_loss: 0.7595144018530846,            policy_loss: 1.7140227377414703             accuracy: 0.52486572265625
Netwrapper: Traced model loaded
(279570, 3)
Epoch 0
Batch: 80,             loss: 2.48033943772316,             value_loss: 0.7678226009011269,            policy_loss: 1.7125168442726135             accuracy: 0.5265380859375
Batch: 160,             loss: 2.4632541865110396,             value_loss: 0.7653939329087734,            policy_loss: 1.697860261797905             accuracy: 0.53538818359375
Batch: 240,             loss: 2.4505739480257036,             value_loss: 0.7579454690217972,            policy_loss: 1.6926284790039063             accuracy: 0.53424072265625
Epoch 1
Batch: 320,             loss: 2.4675232499837874,             value_loss: 0.7660707458853722,            policy_loss: 1.7014525085687637             accuracy: 0.5347751193576389
Batch: 400,             loss: 2.4547698140144347,             value_loss: 0.7632557570934295,            policy_loss: 1.6915140584111215             accuracy: 0.53658447265625
Batch: 480,             loss: 2.4495446622371673,             value_loss: 0.759915691614151,            policy_loss: 1.6896289736032486             accuracy: 0.53863525390625
Epoch 2
Batch: 560,             loss: 2.4592308908700944,             value_loss: 0.7619092732667923,            policy_loss: 1.6973216146230699             accuracy: 0.5350558810763889
Batch: 640,             loss: 2.4576669543981553,             value_loss: 0.7604894667863846,            policy_loss: 1.6971774786710738             accuracy: 0.5344970703125
Batch: 720,             loss: 2.4527526259422303,             value_loss: 0.7637705005705356,            policy_loss: 1.6889821320772171             accuracy: 0.5386962890625
Batch: 800,             loss: 2.4417546719312666,             value_loss: 0.7549097038805485,            policy_loss: 1.6868449836969375             accuracy: 0.53822021484375
Netwrapper: Traced model loaded
(279570, 3)
Epoch 0
Batch: 80,             loss: 2.4481620520353315,             value_loss: 0.7587964557111263,            policy_loss: 1.6893656119704246             accuracy: 0.54033203125
Batch: 160,             loss: 2.436567759513855,             value_loss: 0.7552507899701595,            policy_loss: 1.681316964328289             accuracy: 0.54378662109375
Batch: 240,             loss: 2.42704461812973,             value_loss: 0.747405381500721,            policy_loss: 1.6796392366290092             accuracy: 0.543212890625
Epoch 1
Batch: 320,             loss: 2.4410264670848845,             value_loss: 0.7543304309248924,            policy_loss: 1.6866960242390632             accuracy: 0.5403795030381945
Batch: 400,             loss: 2.4402646094560625,             value_loss: 0.7549916371703148,            policy_loss: 1.6852729946374894             accuracy: 0.54088134765625
Batch: 480,             loss: 2.435872310400009,             value_loss: 0.7521492198109627,            policy_loss: 1.6837230935692786             accuracy: 0.54295654296875
Epoch 2
Batch: 560,             loss: 2.44579773247242,             value_loss: 0.753330335021019,            policy_loss: 1.6924673974514008             accuracy: 0.53583984375
Batch: 640,             loss: 2.449188694357872,             value_loss: 0.7566107243299485,            policy_loss: 1.692577962577343             accuracy: 0.53944091796875
Batch: 720,             loss: 2.4451287180185317,             value_loss: 0.7564754173159599,            policy_loss: 1.6886532858014107             accuracy: 0.54044189453125
Batch: 800,             loss: 2.4380364060401916,             value_loss: 0.7511746570467949,            policy_loss: 1.6868617579340934             accuracy: 0.5377197265625
Netwrapper: Traced model loaded
(279570, 3)
Epoch 0
Batch: 80,             loss: 2.448209357261658,             value_loss: 0.7556063681840897,            policy_loss: 1.6926029846072197             accuracy: 0.5374267578125
Batch: 160,             loss: 2.439923697710037,             value_loss: 0.7567523553967476,            policy_loss: 1.683171334862709             accuracy: 0.5431396484375
Batch: 240,             loss: 2.4280265420675278,             value_loss: 0.7477653302252293,            policy_loss: 1.6802612110972404             accuracy: 0.5413818359375
Epoch 1
Batch: 320,             loss: 2.440575844049454,             value_loss: 0.7545691043138504,            policy_loss: 1.6860067293047905             accuracy: 0.5405029296875
Batch: 400,             loss: 2.4330733001232145,             value_loss: 0.7518572196364403,            policy_loss: 1.6812161013484002             accuracy: 0.54232177734375
Batch: 480,             loss: 2.4281860649585725,             value_loss: 0.7508754938840866,            policy_loss: 1.6773105695843697             accuracy: 0.5461669921875
Epoch 2
Batch: 560,             loss: 2.4349419832229615,             value_loss: 0.7514510877430439,            policy_loss: 1.6834908917546272             accuracy: 0.5395263671875
Batch: 640,             loss: 2.4348693937063217,             value_loss: 0.7517874404788017,            policy_loss: 1.683081954717636             accuracy: 0.54176025390625
Batch: 720,             loss: 2.4336354196071626,             value_loss: 0.7542199492454529,            policy_loss: 1.6794154718518257             accuracy: 0.54415283203125
Batch: 800,             loss: 2.4229504078626634,             value_loss: 0.7473700441420078,            policy_loss: 1.6755803555250168             accuracy: 0.5432373046875
Netwrapper: Traced model loaded
(279570, 3)
Epoch 0
Batch: 80,             loss: 2.428628313541412,             value_loss: 0.7481966033577919,            policy_loss: 1.680431705713272             accuracy: 0.543896484375
Batch: 160,             loss: 2.424922060966492,             value_loss: 0.750563483685255,            policy_loss: 1.6743585884571075             accuracy: 0.5474853515625
Batch: 240,             loss: 2.4150431603193283,             value_loss: 0.7432660236954689,            policy_loss: 1.6717771336436271             accuracy: 0.5464111328125
Epoch 1
Batch: 320,             loss: 2.4278062015771864,             value_loss: 0.7494237914681434,            policy_loss: 1.6783824205398559             accuracy: 0.5426500108506944
Batch: 400,             loss: 2.4291887253522875,             value_loss: 0.7516624927520752,            policy_loss: 1.6775262340903283             accuracy: 0.54342041015625
Batch: 480,             loss: 2.4222295731306076,             value_loss: 0.7478282205760479,            policy_loss: 1.6744013473391532             accuracy: 0.54732666015625
Epoch 2
Batch: 560,             loss: 2.4286155998706818,             value_loss: 0.7483111552894115,            policy_loss: 1.6803044363856317             accuracy: 0.54049072265625
Batch: 640,             loss: 2.4331507235765457,             value_loss: 0.7518837302923203,            policy_loss: 1.681266987323761             accuracy: 0.54346923828125
Batch: 720,             loss: 2.432658526301384,             value_loss: 0.7532769687473774,            policy_loss: 1.6793815538287162             accuracy: 0.54410400390625
Batch: 800,             loss: 2.4246087968349457,             value_loss: 0.7475346647202968,            policy_loss: 1.6770741268992424             accuracy: 0.5422119140625
Netwrapper: Traced model loaded
(279570, 3)
Epoch 0
Batch: 80,             loss: 2.4448028206825256,             value_loss: 0.7513003014028072,            policy_loss: 1.6935025081038475             accuracy: 0.53931884765625
Batch: 160,             loss: 2.466214430332184,             value_loss: 0.7577168136835098,            policy_loss: 1.7084976121783257             accuracy: 0.5343994140625
Batch: 240,             loss: 2.4780757308006285,             value_loss: 0.7545508168637752,            policy_loss: 1.7235249057412148             accuracy: 0.52381591796875
Epoch 1
Batch: 320,             loss: 2.4993761241436006,             value_loss: 0.7633555240929126,            policy_loss: 1.7360206067562103             accuracy: 0.51558837890625
Batch: 400,             loss: 2.5066010475158693,             value_loss: 0.7662860989570618,            policy_loss: 1.740314930677414             accuracy: 0.5115234375
Batch: 480,             loss: 2.5002933770418165,             value_loss: 0.7614760071039199,            policy_loss: 1.7388173654675483             accuracy: 0.51170654296875
Epoch 2
Batch: 560,             loss: 2.505708411335945,             value_loss: 0.7610561840236187,            policy_loss: 1.744652235507965             accuracy: 0.50860595703125
Batch: 640,             loss: 2.5102815479040146,             value_loss: 0.7611632831394672,            policy_loss: 1.7491182640194893             accuracy: 0.50640869140625
Batch: 720,             loss: 2.502338927984238,             value_loss: 0.7570562779903411,            policy_loss: 1.7452826455235482             accuracy: 0.506884765625
Batch: 800,             loss: 2.491523030400276,             value_loss: 0.7485036313533783,            policy_loss: 1.7430194035172462             accuracy: 0.506884765625
Netwrapper: Traced model loaded
(279570, 3)
Epoch 0
Batch: 80,             loss: 2.4952569872140886,             value_loss: 0.7527615040540695,            policy_loss: 1.7424954757094384             accuracy: 0.51025390625
Batch: 160,             loss: 2.4818458586931227,             value_loss: 0.7478446327149868,            policy_loss: 1.7340012237429618             accuracy: 0.51380615234375
Batch: 240,             loss: 2.4665508031845094,             value_loss: 0.73972921743989,            policy_loss: 1.7268215879797935             accuracy: 0.51693115234375
Epoch 1
Batch: 320,             loss: 2.476492640376091,             value_loss: 0.7459607779979706,            policy_loss: 1.730531857907772             accuracy: 0.5165391710069445
Batch: 400,             loss: 2.472287353873253,             value_loss: 0.7470431104302406,            policy_loss: 1.7252442300319673             accuracy: 0.5148681640625
Batch: 480,             loss: 2.4576358258724214,             value_loss: 0.7403545342385769,            policy_loss: 1.7172812834382056             accuracy: 0.52122802734375
Epoch 2
Batch: 560,             loss: 2.4631689578294753,             value_loss: 0.7412619329988956,            policy_loss: 1.72190702855587             accuracy: 0.5172227647569445
Batch: 640,             loss: 2.467079183459282,             value_loss: 0.746509738266468,            policy_loss: 1.7205694571137429             accuracy: 0.51790771484375
Batch: 720,             loss: 2.4623332023620605,             value_loss: 0.7463479474186897,            policy_loss: 1.7159852534532547             accuracy: 0.51951904296875
Batch: 800,             loss: 2.452050915360451,             value_loss: 0.7384117431938648,            policy_loss: 1.7136391669511795             accuracy: 0.5197509765625
Netwrapper: Traced model loaded
(279570, 3)
Epoch 0
Batch: 80,             loss: 2.482803636789322,             value_loss: 0.7527827143669128,            policy_loss: 1.7300209268927573             accuracy: 0.51650390625
Batch: 160,             loss: 2.481309545040131,             value_loss: 0.757358581572771,            policy_loss: 1.7239509627223015             accuracy: 0.518505859375
Batch: 240,             loss: 2.469464421272278,             value_loss: 0.7509203985333442,            policy_loss: 1.7185440212488174             accuracy: 0.52149658203125
Epoch 1
Batch: 320,             loss: 2.4840258806943893,             value_loss: 0.7560345508158207,            policy_loss: 1.7279913261532784             accuracy: 0.5173095703125
Batch: 400,             loss: 2.4714586645364762,             value_loss: 0.7534625783562661,            policy_loss: 1.7179960951209068             accuracy: 0.52060546875
Batch: 480,             loss: 2.46340169608593,             value_loss: 0.7540870182216167,            policy_loss: 1.7093146756291389             accuracy: 0.5265625
Epoch 2
Batch: 560,             loss: 2.4837766379117965,             value_loss: 0.7576198488473892,            policy_loss: 1.7261568039655686             accuracy: 0.51717529296875
Batch: 640,             loss: 2.4903955549001693,             value_loss: 0.7558981947600841,            policy_loss: 1.7344973549246787             accuracy: 0.51279296875
Batch: 720,             loss: 2.4617515921592714,             value_loss: 0.7565956108272076,            policy_loss: 1.7051559776067733             accuracy: 0.52874755859375
Batch: 800,             loss: 2.450491914153099,             value_loss: 0.7491304233670235,            policy_loss: 1.7013614863157271             accuracy: 0.53056640625
Netwrapper: Traced model loaded
(279570, 3)
Epoch 0
Batch: 80,             loss: 2.448827254772186,             value_loss: 0.7512875340878964,            policy_loss: 1.6975397124886513             accuracy: 0.535205078125
Batch: 160,             loss: 2.4361977010965346,             value_loss: 0.7466926522552967,            policy_loss: 1.689505049586296             accuracy: 0.53800048828125
Batch: 240,             loss: 2.426145815849304,             value_loss: 0.7418576784431934,            policy_loss: 1.6842881381511687             accuracy: 0.54036865234375
Epoch 1
Batch: 320,             loss: 2.437784031033516,             value_loss: 0.7481494352221489,            policy_loss: 1.6896345987915993             accuracy: 0.5388509114583334
Batch: 400,             loss: 2.4343798488378523,             value_loss: 0.7470385290682315,            policy_loss: 1.6873413249850273             accuracy: 0.540576171875
Batch: 480,             loss: 2.4227342188358305,             value_loss: 0.7425227567553521,            policy_loss: 1.6802114829421044             accuracy: 0.543359375
Epoch 2
Batch: 560,             loss: 2.4309009552001952,             value_loss: 0.7464795872569084,            policy_loss: 1.6844213873147964             accuracy: 0.5400010850694444
Batch: 640,             loss: 2.4304364800453184,             value_loss: 0.7465641543269157,            policy_loss: 1.6838723227381707             accuracy: 0.54263916015625
Batch: 720,             loss: 2.425841921567917,             value_loss: 0.7483523957431316,            policy_loss: 1.677489522099495             accuracy: 0.547509765625
Batch: 800,             loss: 2.4161922961473463,             value_loss: 0.7420405656099319,            policy_loss: 1.6741517141461373             accuracy: 0.54580078125
Netwrapper: Traced model loaded
(279570, 3)
Epoch 0
Batch: 80,             loss: 2.42955621778965,             value_loss: 0.7500713028013706,            policy_loss: 1.679484911262989             accuracy: 0.54359130859375
Batch: 160,             loss: 2.4270868837833404,             value_loss: 0.7504211403429508,            policy_loss: 1.6766657546162604             accuracy: 0.5496337890625
Batch: 240,             loss: 2.4181542694568634,             value_loss: 0.744398907572031,            policy_loss: 1.6737553521990776             accuracy: 0.548974609375
Epoch 1
Batch: 320,             loss: 2.4374087542295455,             value_loss: 0.7518933266401291,            policy_loss: 1.6855154395103455             accuracy: 0.54161376953125
Batch: 400,             loss: 2.42583646774292,             value_loss: 0.7479015924036503,            policy_loss: 1.6779348701238632             accuracy: 0.5462890625
Batch: 480,             loss: 2.41792813539505,             value_loss: 0.7457225814461708,            policy_loss: 1.6722055584192277             accuracy: 0.55106201171875
Epoch 2
Batch: 560,             loss: 2.4272413820028307,             value_loss: 0.7472498908638954,            policy_loss: 1.6799914926290511             accuracy: 0.54420166015625
Batch: 640,             loss: 2.4278682678937913,             value_loss: 0.7484506443142891,            policy_loss: 1.67941762059927             accuracy: 0.54481201171875
Batch: 720,             loss: 2.4234712570905685,             value_loss: 0.7497448906302452,            policy_loss: 1.6737263649702072             accuracy: 0.5501220703125
Batch: 800,             loss: 2.4184097558259965,             value_loss: 0.743540496379137,            policy_loss: 1.6748692601919175             accuracy: 0.54794921875
Netwrapper: Traced model loaded
(279570, 3)
Epoch 0
Batch: 80,             loss: 2.4311736464500426,             value_loss: 0.7501162201166153,            policy_loss: 1.6810574188828469             accuracy: 0.54454345703125
Batch: 160,             loss: 2.435929462313652,             value_loss: 0.749772310256958,            policy_loss: 1.686157152056694             accuracy: 0.5435302734375
Batch: 240,             loss: 2.4384510070085526,             value_loss: 0.7456156484782696,            policy_loss: 1.6928353652358055             accuracy: 0.5367431640625
Epoch 1
Batch: 320,             loss: 2.4606379687786104,             value_loss: 0.7546855121850967,            policy_loss: 1.7059524774551391             accuracy: 0.52935791015625
Batch: 400,             loss: 2.457055053114891,             value_loss: 0.748791053891182,            policy_loss: 1.7082639947533607             accuracy: 0.52862548828125
Batch: 480,             loss: 2.452975055575371,             value_loss: 0.7468203052878379,            policy_loss: 1.7061547562479973             accuracy: 0.530712890625
Epoch 2
Batch: 560,             loss: 2.4641445875167847,             value_loss: 0.7500350184738636,            policy_loss: 1.7141095787286758             accuracy: 0.52454833984375
Batch: 640,             loss: 2.466540151834488,             value_loss: 0.7489373408257961,            policy_loss: 1.7176028162240982             accuracy: 0.5235107421875
Batch: 720,             loss: 2.4643371015787126,             value_loss: 0.750508078187704,            policy_loss: 1.7138290271162986             accuracy: 0.525048828125
Batch: 800,             loss: 2.4592012405395507,             value_loss: 0.7440520390868187,            policy_loss: 1.7151492089033127             accuracy: 0.524560546875
Netwrapper: Traced model loaded
(279570, 3)
Epoch 0
Batch: 80,             loss: 2.458922031521797,             value_loss: 0.7456204473972321,            policy_loss: 1.7133015885949134             accuracy: 0.5249267578125
Batch: 160,             loss: 2.453394591808319,             value_loss: 0.7465381540358067,            policy_loss: 1.7068564265966415             accuracy: 0.529150390625
Batch: 240,             loss: 2.4403569430112837,             value_loss: 0.7410090774297714,            policy_loss: 1.6993478566408158             accuracy: 0.53221435546875
Epoch 1
Batch: 320,             loss: 2.451445835828781,             value_loss: 0.7483276687562466,            policy_loss: 1.7031181812286378             accuracy: 0.5298583984375
Batch: 400,             loss: 2.446012505888939,             value_loss: 0.7475911103188991,            policy_loss: 1.6984213948249818             accuracy: 0.53460693359375
Batch: 480,             loss: 2.4357603788375854,             value_loss: 0.7448584668338298,            policy_loss: 1.6909019097685813             accuracy: 0.53973388671875
Epoch 2
Batch: 560,             loss: 2.4388085305690765,             value_loss: 0.7456476949155331,            policy_loss: 1.6931608259677886             accuracy: 0.53375244140625
Batch: 640,             loss: 2.4371540933847426,             value_loss: 0.7485370531678199,            policy_loss: 1.6886170327663421             accuracy: 0.54022216796875
Batch: 720,             loss: 2.4338193029165267,             value_loss: 0.7507523402571679,            policy_loss: 1.6830669596791268             accuracy: 0.5431640625
Batch: 800,             loss: 2.4239335715770722,             value_loss: 0.7443135164678096,            policy_loss: 1.679620051383972             accuracy: 0.54305419921875
Netwrapper: Traced model loaded
(279570, 3)
Epoch 0
Batch: 80,             loss: 2.5251609802246096,             value_loss: 0.7739421479403973,            policy_loss: 1.751218818128109             accuracy: 0.50821533203125
Batch: 160,             loss: 2.511313357949257,             value_loss: 0.7614583157002925,            policy_loss: 1.7498550340533257             accuracy: 0.50924072265625
Batch: 240,             loss: 2.5070932507514954,             value_loss: 0.7582688793540001,            policy_loss: 1.7488243728876114             accuracy: 0.51048583984375
Epoch 1
Batch: 320,             loss: 2.511820676922798,             value_loss: 0.754268965870142,            policy_loss: 1.7575516939163207             accuracy: 0.5072848849826389
Batch: 400,             loss: 2.5022623598575593,             value_loss: 0.7531763523817062,            policy_loss: 1.749086005985737             accuracy: 0.50848388671875
Batch: 480,             loss: 2.503939563035965,             value_loss: 0.7579204879701138,            policy_loss: 1.746019074320793             accuracy: 0.513037109375
Epoch 2
Batch: 560,             loss: 2.5029372006654738,             value_loss: 0.7528578951954842,            policy_loss: 1.7500793024897576             accuracy: 0.509433322482639
Batch: 640,             loss: 2.505237105488777,             value_loss: 0.7557944864034652,            policy_loss: 1.7494426280260087             accuracy: 0.508154296875
Batch: 720,             loss: 2.5058821201324464,             value_loss: 0.7586327612400054,            policy_loss: 1.747249361872673             accuracy: 0.5102294921875
Batch: 800,             loss: 2.488610750436783,             value_loss: 0.7470406129956245,            policy_loss: 1.741570144891739             accuracy: 0.5125244140625
Netwrapper: Traced model loaded
(279570, 3)
Epoch 0
Batch: 80,             loss: 2.4739211827516554,             value_loss: 0.7359262242913246,            policy_loss: 1.7379949703812598             accuracy: 0.51412353515625
Batch: 160,             loss: 2.456388604640961,             value_loss: 0.7330012679100036,            policy_loss: 1.7233873426914215             accuracy: 0.51898193359375
Batch: 240,             loss: 2.4389231860637666,             value_loss: 0.7262970119714737,            policy_loss: 1.7126261800527574             accuracy: 0.52607421875
Epoch 1
Batch: 320,             loss: 2.455120489001274,             value_loss: 0.7376808866858482,            policy_loss: 1.7174395993351936             accuracy: 0.527133517795139
Batch: 400,             loss: 2.436571678519249,             value_loss: 0.7292702026665211,            policy_loss: 1.7073014810681344             accuracy: 0.52957763671875
Batch: 480,             loss: 2.4291418462991716,             value_loss: 0.7288390107452869,            policy_loss: 1.7003028303384782             accuracy: 0.53619384765625
Epoch 2
Batch: 560,             loss: 2.4349616914987564,             value_loss: 0.7283225804567337,            policy_loss: 1.7066391050815581             accuracy: 0.5321275499131944
Batch: 640,             loss: 2.4361532747745516,             value_loss: 0.7329425655305386,            policy_loss: 1.7032107040286064             accuracy: 0.53499755859375
Batch: 720,             loss: 2.4299448400735857,             value_loss: 0.7319383546710014,            policy_loss: 1.6980064898729323             accuracy: 0.53831787109375
Batch: 800,             loss: 2.4197777211666107,             value_loss: 0.7235738828778266,            policy_loss: 1.6962038367986678             accuracy: 0.53836669921875
Netwrapper: Traced model loaded
(279570, 3)
Epoch 0
Batch: 80,             loss: 2.4538602977991104,             value_loss: 0.7403319165110588,            policy_loss: 1.713528373837471             accuracy: 0.53046875
Batch: 160,             loss: 2.4503884106874465,             value_loss: 0.7396672129631042,            policy_loss: 1.7107212007045747             accuracy: 0.5304443359375
Batch: 240,             loss: 2.4430093348026274,             value_loss: 0.7322585105895996,            policy_loss: 1.7107508346438407             accuracy: 0.529541015625
Epoch 1
Batch: 320,             loss: 2.458326521515846,             value_loss: 0.736919766664505,            policy_loss: 1.7214067608118058             accuracy: 0.5247775607638889
Batch: 400,             loss: 2.4495110750198363,             value_loss: 0.7373149417340755,            policy_loss: 1.7121961489319801             accuracy: 0.52821044921875
Batch: 480,             loss: 2.4422132104635237,             value_loss: 0.7349629074335098,            policy_loss: 1.7072503104805947             accuracy: 0.5326904296875
Epoch 2
Batch: 560,             loss: 2.4498508900403975,             value_loss: 0.7334798663854599,            policy_loss: 1.716371014714241             accuracy: 0.5263034396701389
Batch: 640,             loss: 2.448262941837311,             value_loss: 0.7347505658864975,            policy_loss: 1.7135123699903487             accuracy: 0.5275634765625
Batch: 720,             loss: 2.445158150792122,             value_loss: 0.7383457310497761,            policy_loss: 1.70681242197752             accuracy: 0.531591796875
Batch: 800,             loss: 2.434217268228531,             value_loss: 0.7273688167333603,            policy_loss: 1.7068484619259834             accuracy: 0.5302978515625
Netwrapper: Traced model loaded
(279570, 3)
Epoch 0
Batch: 80,             loss: 2.436115336418152,             value_loss: 0.7310405775904656,            policy_loss: 1.7050747558474542             accuracy: 0.53048095703125
Batch: 160,             loss: 2.434421181678772,             value_loss: 0.7310067906975746,            policy_loss: 1.7034143880009651             accuracy: 0.53004150390625
Batch: 240,             loss: 2.426532968878746,             value_loss: 0.7238116331398488,            policy_loss: 1.7027213379740715             accuracy: 0.5303466796875
Epoch 1
Batch: 320,             loss: 2.4428986847400664,             value_loss: 0.7316122420132161,            policy_loss: 1.7112864211201668             accuracy: 0.5266832139756945
Batch: 400,             loss: 2.441834646463394,             value_loss: 0.7299254663288594,            policy_loss: 1.7119091883301736             accuracy: 0.5238525390625
Batch: 480,             loss: 2.43862644135952,             value_loss: 0.7289712704718113,            policy_loss: 1.7096551671624183             accuracy: 0.52718505859375
Epoch 2
Batch: 560,             loss: 2.4445087730884554,             value_loss: 0.7289742074906826,            policy_loss: 1.7155345603823662             accuracy: 0.5228624131944445
Batch: 640,             loss: 2.4490988820791246,             value_loss: 0.7317954957485199,            policy_loss: 1.7173033848404884             accuracy: 0.5220947265625
Batch: 720,             loss: 2.4485852092504503,             value_loss: 0.7337477259337902,            policy_loss: 1.7148374810814857             accuracy: 0.52291259765625
Batch: 800,             loss: 2.438493487238884,             value_loss: 0.7247888840734958,            policy_loss: 1.713704590499401             accuracy: 0.52327880859375
Netwrapper: Traced model loaded
(279570, 3)
Epoch 0
Batch: 80,             loss: 2.440963104367256,             value_loss: 0.7274586215615273,            policy_loss: 1.7135044738650322             accuracy: 0.5240966796875
Batch: 160,             loss: 2.438939931988716,             value_loss: 0.729107191413641,            policy_loss: 1.7098327547311782             accuracy: 0.52554931640625
Batch: 240,             loss: 2.4265940845012666,             value_loss: 0.7221447326242924,            policy_loss: 1.704449337720871             accuracy: 0.52923583984375
Epoch 1
Batch: 320,             loss: 2.4329423666000367,             value_loss: 0.726237078756094,            policy_loss: 1.706705291569233             accuracy: 0.5291368272569444
Batch: 400,             loss: 2.434499967098236,             value_loss: 0.7297556161880493,            policy_loss: 1.7047443583607673             accuracy: 0.53101806640625
Batch: 480,             loss: 2.4252173095941543,             value_loss: 0.7257004417479038,            policy_loss: 1.6995168566703795             accuracy: 0.53497314453125
Epoch 2
Batch: 560,             loss: 2.4255245447158815,             value_loss: 0.7237149447202682,            policy_loss: 1.701809599995613             accuracy: 0.533151584201389
Batch: 640,             loss: 2.431042355298996,             value_loss: 0.7299221009016037,            policy_loss: 1.70112025141716             accuracy: 0.53421630859375
Batch: 720,             loss: 2.4274448692798614,             value_loss: 0.7302859224379062,            policy_loss: 1.6971589490771293             accuracy: 0.53770751953125
Batch: 800,             loss: 2.4169656544923783,             value_loss: 0.7220241382718087,            policy_loss: 1.6949415132403374             accuracy: 0.53720703125
Netwrapper: Traced model loaded
(279570, 3)
Epoch 0
Batch: 80,             loss: 2.420597440004349,             value_loss: 0.7253853254020214,            policy_loss: 1.6952121019363404             accuracy: 0.5384521484375
Batch: 160,             loss: 2.4220610916614533,             value_loss: 0.7280940428376198,            policy_loss: 1.6939670577645303             accuracy: 0.5392333984375
Batch: 240,             loss: 2.4116529405117033,             value_loss: 0.721400561183691,            policy_loss: 1.6902523696422578             accuracy: 0.541650390625
Epoch 1
Batch: 320,             loss: 2.4197028785943986,             value_loss: 0.7245612755417824,            policy_loss: 1.6951416194438935             accuracy: 0.5376559787326389
Batch: 400,             loss: 2.423935541510582,             value_loss: 0.7294298440217972,            policy_loss: 1.694505687057972             accuracy: 0.53865966796875
Batch: 480,             loss: 2.4165658354759216,             value_loss: 0.7256624281406403,            policy_loss: 1.6909033939242364             accuracy: 0.54168701171875
Epoch 2
Batch: 560,             loss: 2.4179604798555374,             value_loss: 0.7230636410415172,            policy_loss: 1.6948968455195428             accuracy: 0.5385592990451389
Batch: 640,             loss: 2.424266928434372,             value_loss: 0.729138583689928,            policy_loss: 1.6951283469796181             accuracy: 0.53721923828125
Batch: 720,             loss: 2.422787594795227,             value_loss: 0.7301471464335918,            policy_loss: 1.692640444636345             accuracy: 0.5400634765625
Batch: 800,             loss: 2.412516620755196,             value_loss: 0.7217345789074898,            policy_loss: 1.6907820478081703             accuracy: 0.53936767578125
Netwrapper: Traced model loaded
(279570, 3)
Epoch 0
Batch: 80,             loss: 2.416476604342461,             value_loss: 0.7251163125038147,            policy_loss: 1.6913602977991105             accuracy: 0.54075927734375
Batch: 160,             loss: 2.418236491084099,             value_loss: 0.7282537579536438,            policy_loss: 1.6899827241897583             accuracy: 0.54127197265625
Batch: 240,             loss: 2.407790771126747,             value_loss: 0.721468461304903,            policy_loss: 1.686322319507599             accuracy: 0.5432861328125
Epoch 1
Batch: 320,             loss: 2.415773844718933,             value_loss: 0.7241950772702694,            policy_loss: 1.6915787637233735             accuracy: 0.5388766818576389
Batch: 400,             loss: 2.4212293088436128,             value_loss: 0.7290202401578426,            policy_loss: 1.6922090575098991             accuracy: 0.5400634765625
Batch: 480,             loss: 2.414027971029282,             value_loss: 0.7255257725715637,            policy_loss: 1.6885021969676017             accuracy: 0.54222412109375
Epoch 2
Batch: 560,             loss: 2.4157849490642547,             value_loss: 0.7230255730450154,            policy_loss: 1.6927593931555749             accuracy: 0.5386935763888889
Batch: 640,             loss: 2.422116515040398,             value_loss: 0.7285546720027923,            policy_loss: 1.6935618340969085             accuracy: 0.5379150390625
Batch: 720,             loss: 2.421481865644455,             value_loss: 0.7303015038371086,            policy_loss: 1.691180357336998             accuracy: 0.540234375
Batch: 800,             loss: 2.4114111006259917,             value_loss: 0.7218577362596988,            policy_loss: 1.6895533725619316             accuracy: 0.5400390625
Netwrapper: Traced model loaded
(279570, 3)
Epoch 0
Batch: 80,             loss: 2.417432430386543,             value_loss: 0.7260058224201202,            policy_loss: 1.6914265871047973             accuracy: 0.53997802734375
Batch: 160,             loss: 2.4192917585372924,             value_loss: 0.7288165181875229,            policy_loss: 1.6904752478003502             accuracy: 0.54033203125
Batch: 240,             loss: 2.40992331802845,             value_loss: 0.7222306989133358,            policy_loss: 1.687692615389824             accuracy: 0.541259765625
Epoch 1
Batch: 320,             loss: 2.4189764261245728,             value_loss: 0.7255855850875378,            policy_loss: 1.6933908447623254             accuracy: 0.537936740451389
Batch: 400,             loss: 2.422909530997276,             value_loss: 0.7298256382346153,            policy_loss: 1.6930838912725448             accuracy: 0.53914794921875
Batch: 480,             loss: 2.4164594024419785,             value_loss: 0.7264821976423264,            policy_loss: 1.6899772152304648             accuracy: 0.5410400390625
Epoch 2
Batch: 560,             loss: 2.4185079395771027,             value_loss: 0.7239696562290192,            policy_loss: 1.6945382729172707             accuracy: 0.5384847005208333
Batch: 640,             loss: 2.425413689017296,             value_loss: 0.7302641078829766,            policy_loss: 1.695149579644203             accuracy: 0.5371826171875
Batch: 720,             loss: 2.4234858483076094,             value_loss: 0.7306389808654785,            policy_loss: 1.6928468659520148             accuracy: 0.5393310546875
Batch: 800,             loss: 2.4147862643003464,             value_loss: 0.7230705253779888,            policy_loss: 1.6917157292366027             accuracy: 0.53817138671875
Netwrapper: Traced model loaded
(279570, 3)
Epoch 0
Batch: 80,             loss: 2.4233784914016723,             value_loss: 0.7284237325191498,            policy_loss: 1.6949547469615935             accuracy: 0.5379638671875
Batch: 160,             loss: 2.426043227314949,             value_loss: 0.7301948599517345,            policy_loss: 1.6958483844995498             accuracy: 0.53668212890625
Batch: 240,             loss: 2.4182987719774247,             value_loss: 0.7231336973607541,            policy_loss: 1.6951650828123093             accuracy: 0.5361572265625
Epoch 1
